#
# There is insufficient memory for the Java Runtime Environment to continue.
# Native memory allocation (malloc) failed to allocate 1359936 bytes. Error detail: Chunk::new
# Possible reasons:
#   The system is out of physical RAM or swap space
#   This process is running with CompressedOops enabled, and the Java Heap may be blocking the growth of the native heap
# Possible solutions:
#   Reduce memory load on the system
#   Increase physical memory or swap space
#   Check if swap backing store is full
#   Decrease Java heap size (-Xmx/-Xms)
#   Decrease number of Java threads
#   Decrease Java thread stack sizes (-Xss)
#   Set larger code cache with -XX:ReservedCodeCacheSize=
#   JVM is running with Unscaled Compressed Oops mode in which the Java heap is
#     placed in the first 4GB address space. The Java Heap base address is the
#     maximum limit for the native heap growth. Please use -XX:HeapBaseMinAddress
#     to set the Java Heap base and to place the Java Heap above 4GB virtual address.
# This output file may be truncated or incomplete.
#
#  Out of Memory Error (arena.cpp:168), pid=11152, tid=1828
#
# JRE version: OpenJDK Runtime Environment Temurin-21.0.7+6 (21.0.7+6) (build 21.0.7+6-LTS)
# Java VM: OpenJDK 64-Bit Server VM Temurin-21.0.7+6 (21.0.7+6-LTS, mixed mode, sharing, tiered, compressed oops, compressed class ptrs, parallel gc, windows-amd64)
# No core dump will be written. Minidumps are not enabled by default on client versions of Windows
#

---------------  S U M M A R Y ------------

Command Line: --add-modules=ALL-SYSTEM --add-opens=java.base/java.util=ALL-UNNAMED --add-opens=java.base/java.lang=ALL-UNNAMED --add-opens=java.base/sun.nio.fs=ALL-UNNAMED -Declipse.application=org.eclipse.jdt.ls.core.id1 -Dosgi.bundles.defaultStartLevel=4 -Declipse.product=org.eclipse.jdt.ls.core.product -Djava.import.generatesMetadataFilesAtProjectRoot=false -DDetectVMInstallationsJob.disabled=true -Dfile.encoding=utf8 -XX:+UseParallelGC -XX:GCTimeRatio=4 -XX:AdaptiveSizePolicyWeight=90 -Dsun.zip.disableMemoryMapping=true -Xmx1G -Xms100m -Xlog:disable -javaagent:c:\Users\HP\.vscode\extensions\redhat.java-1.42.0-win32-x64\lombok\lombok-1.18.36.jar -XX:+HeapDumpOnOutOfMemoryError -XX:HeapDumpPath=c:\Users\HP\AppData\Roaming\Code\User\workspaceStorage\38412d20197ed094be9b72b2a1945247\redhat.java -Daether.dependencyCollector.impl=bf c:\Users\HP\.vscode\extensions\redhat.java-1.42.0-win32-x64\server\plugins\org.eclipse.equinox.launcher_1.7.0.v20250424-1814.jar -configuration c:\Users\HP\AppData\Roaming\Code\User\globalStorage\redhat.java\1.42.0\config_win -data c:\Users\HP\AppData\Roaming\Code\User\workspaceStorage\38412d20197ed094be9b72b2a1945247\redhat.java\jdt_ws --pipe=\\.\pipe\lsp-5dbac5cc907e8eaa1d4d8fd64337bfe2-sock

Host: Intel(R) Core(TM) i5-1035G1 CPU @ 1.00GHz, 8 cores, 3G,  Windows 11 , 64 bit Build 26100 (10.0.26100.3912)
Time: Mon May 19 13:49:32 2025 SE Asia Standard Time elapsed time: 462.138668 seconds (0d 0h 7m 42s)

---------------  T H R E A D  ---------------

Current thread (0x0000025e5c14cf60):  JavaThread "C2 CompilerThread0" daemon [_thread_in_native, id=1828, stack(0x000000744ac00000,0x000000744ad00000) (1024K)]


Current CompileTask:
C2:462139 10948       4       org.eclipse.jdt.internal.core.search.indexing.BinaryIndexer::extractReferenceFromConstantPool (358 bytes)

Stack: [0x000000744ac00000,0x000000744ad00000]
Native frames: (J=compiled Java code, j=interpreted, Vv=VM code, C=native code)
V  [jvm.dll+0x6ce119]
V  [jvm.dll+0x8a84a1]
V  [jvm.dll+0x8aa9ce]
V  [jvm.dll+0x8ab0b3]
V  [jvm.dll+0x27f8a6]
V  [jvm.dll+0xc507d]
V  [jvm.dll+0xc55b3]
V  [jvm.dll+0x2f2c6d]
V  [jvm.dll+0x5f6bca]
V  [jvm.dll+0x250cb2]
V  [jvm.dll+0x25106f]
V  [jvm.dll+0x249934]
V  [jvm.dll+0x246fc4]
V  [jvm.dll+0x1c760e]
V  [jvm.dll+0x25695a]
V  [jvm.dll+0x254efa]
V  [jvm.dll+0x3f03f6]
V  [jvm.dll+0x851f6b]
V  [jvm.dll+0x6cc7dd]
C  [ucrtbase.dll+0x37b0]
C  [KERNEL32.DLL+0x2e8d7]
C  [ntdll.dll+0x9c5dc]


---------------  P R O C E S S  ---------------

Threads class SMR info:
_java_thread_list=0x0000025e6807e170, length=53, elements={
0x0000025e47d8da40, 0x0000025e5c13cf30, 0x0000025e5c13f400, 0x0000025e5c144fb0,
0x0000025e5c145610, 0x0000025e5c148f30, 0x0000025e5c14a120, 0x0000025e5c14cf60,
0x0000025e5db5b480, 0x0000025e5dbc4190, 0x0000025e5de1aae0, 0x0000025e5dcd0520,
0x0000025e5ddf7b00, 0x0000025e5ddf3210, 0x0000025e5dcbd2a0, 0x0000025e623b2320,
0x0000025e62dd7940, 0x0000025e622eece0, 0x0000025e622edfc0, 0x0000025e622ee650,
0x0000025e622efa00, 0x0000025e622ec580, 0x0000025e64fab0b0, 0x0000025e64faa390,
0x0000025e64fa8fe0, 0x0000025e64fa9670, 0x0000025e64fa9d00, 0x0000025e64fa82c0,
0x0000025e64faaa20, 0x0000025e64fa8950, 0x0000025e64fa7c30, 0x0000025e64fabdd0,
0x0000025e64faebc0, 0x0000025e64fad810, 0x0000025e64fadea0, 0x0000025e64fad180,
0x0000025e64fab740, 0x0000025e64fac460, 0x0000025e622ed930, 0x0000025e637e7310,
0x0000025e637e79a0, 0x0000025e637e8d50, 0x0000025e637eb4b0, 0x0000025e637e8030,
0x0000025e637ebb40, 0x0000025e637e9a70, 0x0000025e637e93e0, 0x0000025e637ed580,
0x0000025e622ed2a0, 0x0000025e622ef370, 0x0000025e64faf250, 0x0000025e649e3370,
0x0000025e649e3a00
}

Java Threads: ( => current thread )
  0x0000025e47d8da40 JavaThread "main"                              [_thread_blocked, id=12332, stack(0x000000744a200000,0x000000744a300000) (1024K)]
  0x0000025e5c13cf30 JavaThread "Reference Handler"          daemon [_thread_blocked, id=2576, stack(0x000000744a600000,0x000000744a700000) (1024K)]
  0x0000025e5c13f400 JavaThread "Finalizer"                  daemon [_thread_blocked, id=1148, stack(0x000000744a700000,0x000000744a800000) (1024K)]
  0x0000025e5c144fb0 JavaThread "Signal Dispatcher"          daemon [_thread_blocked, id=13376, stack(0x000000744a800000,0x000000744a900000) (1024K)]
  0x0000025e5c145610 JavaThread "Attach Listener"            daemon [_thread_blocked, id=12560, stack(0x000000744a900000,0x000000744aa00000) (1024K)]
  0x0000025e5c148f30 JavaThread "Service Thread"             daemon [_thread_blocked, id=13396, stack(0x000000744aa00000,0x000000744ab00000) (1024K)]
  0x0000025e5c14a120 JavaThread "Monitor Deflation Thread"   daemon [_thread_blocked, id=7216, stack(0x000000744ab00000,0x000000744ac00000) (1024K)]
=>0x0000025e5c14cf60 JavaThread "C2 CompilerThread0"         daemon [_thread_in_native, id=1828, stack(0x000000744ac00000,0x000000744ad00000) (1024K)]
  0x0000025e5db5b480 JavaThread "C1 CompilerThread0"         daemon [_thread_blocked, id=4432, stack(0x000000744ad00000,0x000000744ae00000) (1024K)]
  0x0000025e5dbc4190 JavaThread "Common-Cleaner"             daemon [_thread_blocked, id=13400, stack(0x000000744ae00000,0x000000744af00000) (1024K)]
  0x0000025e5de1aae0 JavaThread "Notification Thread"        daemon [_thread_blocked, id=13608, stack(0x000000744af00000,0x000000744b000000) (1024K)]
  0x0000025e5dcd0520 JavaThread "Active Thread: Equinox Container: df5ff731-02ba-4f55-bf22-adfd701f6e42"        [_thread_blocked, id=8572, stack(0x000000744b000000,0x000000744b100000) (1024K)]
  0x0000025e5ddf7b00 JavaThread "Refresh Thread: Equinox Container: df5ff731-02ba-4f55-bf22-adfd701f6e42" daemon [_thread_blocked, id=4768, stack(0x000000744b700000,0x000000744b800000) (1024K)]
  0x0000025e5ddf3210 JavaThread "Framework Event Dispatcher: Equinox Container: df5ff731-02ba-4f55-bf22-adfd701f6e42" daemon [_thread_blocked, id=11688, stack(0x000000744b900000,0x000000744ba00000) (1024K)]
  0x0000025e5dcbd2a0 JavaThread "Start Level: Equinox Container: df5ff731-02ba-4f55-bf22-adfd701f6e42" daemon [_thread_blocked, id=1424, stack(0x000000744ba00000,0x000000744bb00000) (1024K)]
  0x0000025e623b2320 JavaThread "Bundle File Closer"         daemon [_thread_blocked, id=2412, stack(0x000000744bb00000,0x000000744bc00000) (1024K)]
  0x0000025e62dd7940 JavaThread "SCR Component Actor"        daemon [_thread_blocked, id=4640, stack(0x000000744a000000,0x000000744a100000) (1024K)]
  0x0000025e622eece0 JavaThread "Worker-JM"                         [_thread_blocked, id=14512, stack(0x000000744bd00000,0x000000744be00000) (1024K)]
  0x0000025e622edfc0 JavaThread "JNA Cleaner"                daemon [_thread_blocked, id=14728, stack(0x000000744be00000,0x000000744bf00000) (1024K)]
  0x0000025e622ee650 JavaThread "Worker-1"                          [_thread_blocked, id=14736, stack(0x000000744c000000,0x000000744c100000) (1024K)]
  0x0000025e622efa00 JavaThread "Java indexing"              daemon [_thread_in_Java, id=14812, stack(0x000000744c100000,0x000000744c200000) (1024K)]
  0x0000025e622ec580 JavaThread "Worker-3: Compacting resource model"        [_thread_blocked, id=14860, stack(0x000000744c500000,0x000000744c600000) (1024K)]
  0x0000025e64fab0b0 JavaThread "Worker-4: Synchronize Gradle projects with workspace"        [_thread_blocked, id=14864, stack(0x000000744c600000,0x000000744c700000) (1024K)]
  0x0000025e64faa390 JavaThread "Worker-5: Initialize Workspace"        [_thread_blocked, id=14868, stack(0x000000744c700000,0x000000744c800000) (1024K)]
  0x0000025e64fa8fe0 JavaThread "Thread-2"                   daemon [_thread_in_native, id=14876, stack(0x000000744c800000,0x000000744c900000) (1024K)]
  0x0000025e64fa9670 JavaThread "Thread-3"                   daemon [_thread_in_native, id=14880, stack(0x000000744c900000,0x000000744ca00000) (1024K)]
  0x0000025e64fa9d00 JavaThread "Thread-4"                   daemon [_thread_in_native, id=14884, stack(0x000000744ca00000,0x000000744cb00000) (1024K)]
  0x0000025e64fa82c0 JavaThread "Thread-5"                   daemon [_thread_in_native, id=14888, stack(0x000000744cb00000,0x000000744cc00000) (1024K)]
  0x0000025e64faaa20 JavaThread "Thread-6"                   daemon [_thread_in_native, id=14892, stack(0x000000744cc00000,0x000000744cd00000) (1024K)]
  0x0000025e64fa8950 JavaThread "Thread-7"                   daemon [_thread_in_native, id=14896, stack(0x000000744cd00000,0x000000744ce00000) (1024K)]
  0x0000025e64fa7c30 JavaThread "Thread-8"                   daemon [_thread_in_native, id=14900, stack(0x000000744ce00000,0x000000744cf00000) (1024K)]
  0x0000025e64fabdd0 JavaThread "Thread-9"                   daemon [_thread_in_native, id=14904, stack(0x000000744cf00000,0x000000744d000000) (1024K)]
  0x0000025e64faebc0 JavaThread "Thread-10"                  daemon [_thread_in_native, id=14908, stack(0x000000744d000000,0x000000744d100000) (1024K)]
  0x0000025e64fad810 JavaThread "pool-2-thread-1"                   [_thread_blocked, id=14916, stack(0x000000744d100000,0x000000744d200000) (1024K)]
  0x0000025e64fadea0 JavaThread "Timer-0"                           [_thread_blocked, id=14920, stack(0x000000744d200000,0x000000744d300000) (1024K)]
  0x0000025e64fad180 JavaThread "Timer-1"                           [_thread_blocked, id=14928, stack(0x000000744d300000,0x000000744d400000) (1024K)]
  0x0000025e64fab740 JavaThread "WorkspaceEventsHandler"            [_thread_blocked, id=14936, stack(0x000000744d400000,0x000000744d500000) (1024K)]
  0x0000025e64fac460 JavaThread "pool-1-thread-1"                   [_thread_blocked, id=14940, stack(0x000000744d500000,0x000000744d600000) (1024K)]
  0x0000025e622ed930 JavaThread "Timer-2"                           [_thread_blocked, id=14584, stack(0x000000744bc00000,0x000000744bd00000) (1024K)]
  0x0000025e637e7310 JavaThread "Timer-3"                           [_thread_blocked, id=15168, stack(0x000000744d600000,0x000000744d700000) (1024K)]
  0x0000025e637e79a0 JavaThread "Timer-4"                           [_thread_blocked, id=15164, stack(0x000000744d700000,0x000000744d800000) (1024K)]
  0x0000025e637e8d50 JavaThread "Timer-5"                           [_thread_blocked, id=15124, stack(0x000000744db00000,0x000000744dc00000) (1024K)]
  0x0000025e637eb4b0 JavaThread "Timer-6"                           [_thread_blocked, id=15284, stack(0x000000744dc00000,0x000000744dd00000) (1024K)]
  0x0000025e637e8030 JavaThread "Timer-7"                           [_thread_blocked, id=15312, stack(0x000000744dd00000,0x000000744de00000) (1024K)]
  0x0000025e637ebb40 JavaThread "Timer-8"                           [_thread_blocked, id=14380, stack(0x0000007449f00000,0x000000744a000000) (1024K)]
  0x0000025e637e9a70 JavaThread "Timer-9"                           [_thread_blocked, id=12440, stack(0x000000744c200000,0x000000744c300000) (1024K)]
  0x0000025e637e93e0 JavaThread "Worker-6"                          [_thread_blocked, id=13480, stack(0x000000744c300000,0x000000744c400000) (1024K)]
  0x0000025e637ed580 JavaThread "Worker-7"                          [_thread_blocked, id=9928, stack(0x000000744a100000,0x000000744a200000) (1024K)]
  0x0000025e622ed2a0 JavaThread "Timer-10"                          [_thread_blocked, id=10552, stack(0x000000744c400000,0x000000744c500000) (1024K)]
  0x0000025e622ef370 JavaThread "Connection worker"                 [_thread_in_native, id=10220, stack(0x000000744d800000,0x000000744d900000) (1024K)]
  0x0000025e64faf250 JavaThread "pool-4-thread-1"                   [_thread_blocked, id=15028, stack(0x000000744d900000,0x000000744da00000) (1024K)]
  0x0000025e649e3370 JavaThread "Worker-8: Java indexing... "        [_thread_blocked, id=11968, stack(0x000000744df00000,0x000000744e000000) (1024K)]
  0x0000025e649e3a00 JavaThread "Worker-9"                          [_thread_blocked, id=4280, stack(0x000000744e000000,0x000000744e100000) (1024K)]
Total: 53

Other Threads:
  0x0000025e47e4ec00 VMThread "VM Thread"                           [id=6668, stack(0x000000744a500000,0x000000744a600000) (1024K)]
  0x0000025e47df8ec0 WatcherThread "VM Periodic Task Thread"        [id=13420, stack(0x000000744a400000,0x000000744a500000) (1024K)]
  0x0000025e47dacbb0 WorkerThread "GC Thread#0"                     [id=13456, stack(0x000000744a300000,0x000000744a400000) (1024K)]
  0x0000025e62668980 WorkerThread "GC Thread#1"                     [id=11712, stack(0x000000744b100000,0x000000744b200000) (1024K)]
  0x0000025e5de4b5c0 WorkerThread "GC Thread#2"                     [id=13344, stack(0x000000744b200000,0x000000744b300000) (1024K)]
  0x0000025e5de5a950 WorkerThread "GC Thread#3"                     [id=12632, stack(0x000000744b300000,0x000000744b400000) (1024K)]
  0x0000025e5de5acf0 WorkerThread "GC Thread#4"                     [id=14280, stack(0x000000744b400000,0x000000744b500000) (1024K)]
  0x0000025e625ee7a0 WorkerThread "GC Thread#5"                     [id=3240, stack(0x000000744b500000,0x000000744b600000) (1024K)]
  0x0000025e625eeb40 WorkerThread "GC Thread#6"                     [id=14048, stack(0x000000744b600000,0x000000744b700000) (1024K)]
  0x0000025e5ddf8560 WorkerThread "GC Thread#7"                     [id=10000, stack(0x000000744b800000,0x000000744b900000) (1024K)]
Total: 10

Threads with active compile tasks:
C2 CompilerThread0  462388 10948       4       org.eclipse.jdt.internal.core.search.indexing.BinaryIndexer::extractReferenceFromConstantPool (358 bytes)
Total: 1

VM state: not at safepoint (normal execution)

VM Mutex/Monitor currently owned by a thread: None

Heap address: 0x00000000c0000000, size: 1024 MB, Compressed Oops mode: 32-bit

CDS archive(s) mapped at: [0x0000025e00000000-0x0000025e00ba0000-0x0000025e00ba0000), size 12189696, SharedBaseAddress: 0x0000025e00000000, ArchiveRelocationMode: 1.
Compressed class space mapped at: 0x0000025e01000000-0x0000025e41000000, reserved size: 1073741824
Narrow klass base: 0x0000025e00000000, Narrow klass shift: 0, Narrow klass range: 0x100000000

GC Precious Log:
 CardTable entry size: 512
 CPUs: 8 total, 8 available
 Memory: 3784M
 Large Page Support: Disabled
 NUMA Support: Disabled
 Compressed Oops: Enabled (32-bit)
 Alignments: Space 512K, Generation 512K, Heap 2M
 Heap Min Capacity: 100M
 Heap Initial Capacity: 100M
 Heap Max Capacity: 1G
 Pre-touch: Disabled
 Parallel Workers: 8

Heap:
 PSYoungGen      total 5120K, used 4000K [0x00000000eab00000, 0x00000000eb100000, 0x0000000100000000)
  eden space 4096K, 85% used [0x00000000eab00000,0x00000000eae68220,0x00000000eaf00000)
  from space 1024K, 50% used [0x00000000eb000000,0x00000000eb080000,0x00000000eb100000)
  to   space 1024K, 0% used [0x00000000eaf00000,0x00000000eaf00000,0x00000000eb000000)
 ParOldGen       total 395776K, used 395552K [0x00000000c0000000, 0x00000000d8280000, 0x00000000eab00000)
  object space 395776K, 99% used [0x00000000c0000000,0x00000000d8248120,0x00000000d8280000)
 Metaspace       used 72593K, committed 74048K, reserved 1114112K
  class space    used 8800K, committed 9472K, reserved 1048576K

Card table byte_map: [0x0000025e47730000,0x0000025e47940000] _byte_map_base: 0x0000025e47130000

Marking Bits: (ParMarkBitMap*) 0x00007fff7ae031f0
 Begin Bits: [0x0000025e59f80000, 0x0000025e5af80000)
 End Bits:   [0x0000025e5af80000, 0x0000025e5bf80000)

Polling page: 0x0000025e45bd0000

Metaspace:

Usage:
  Non-class:     62.30 MB used.
      Class:      8.59 MB used.
       Both:     70.89 MB used.

Virtual space:
  Non-class space:       64.00 MB reserved,      63.06 MB ( 99%) committed,  1 nodes.
      Class space:        1.00 GB reserved,       9.25 MB ( <1%) committed,  1 nodes.
             Both:        1.06 GB reserved,      72.31 MB (  7%) committed. 

Chunk freelists:
   Non-Class:  896.00 KB
       Class:  6.59 MB
        Both:  7.47 MB

MaxMetaspaceSize: unlimited
CompressedClassSpaceSize: 1.00 GB
Initial GC threshold: 21.00 MB
Current GC threshold: 120.56 MB
CDS: on
 - commit_granule_bytes: 65536.
 - commit_granule_words: 8192.
 - virtual_space_node_default_size: 8388608.
 - enlarge_chunks_in_place: 1.
 - use_allocation_guard: 0.


Internal statistics:

num_allocs_failed_limit: 9.
num_arena_births: 1382.
num_arena_deaths: 36.
num_vsnodes_births: 2.
num_vsnodes_deaths: 0.
num_space_committed: 1157.
num_space_uncommitted: 0.
num_chunks_returned_to_freelist: 55.
num_chunks_taken_from_freelist: 4579.
num_chunk_merges: 17.
num_chunk_splits: 2844.
num_chunks_enlarged: 1607.
num_inconsistent_stats: 0.

CodeHeap 'non-profiled nmethods': size=120000Kb used=8949Kb max_used=8949Kb free=111050Kb
 bounds [0x0000025e52a50000, 0x0000025e53310000, 0x0000025e59f80000]
CodeHeap 'profiled nmethods': size=120000Kb used=19041Kb max_used=20234Kb free=100958Kb
 bounds [0x0000025e4af80000, 0x0000025e4c390000, 0x0000025e524b0000]
CodeHeap 'non-nmethods': size=5760Kb used=1460Kb max_used=1529Kb free=4299Kb
 bounds [0x0000025e524b0000, 0x0000025e52720000, 0x0000025e52a50000]
 total_blobs=10388 nmethods=9622 adapters=670
 compilation: enabled
              stopped_count=0, restarted_count=0
 full_count=0

Compilation events (20 events):
Event: 460.776 Thread 0x0000025e5db5b480 10935   !   3       org.eclipse.jdt.internal.core.search.indexing.IndexManager::indexDocument (31 bytes)
Event: 460.777 Thread 0x0000025e5db5b480 nmethod 10935 0x0000025e4af88790 code [0x0000025e4af88940, 0x0000025e4af88d00]
Event: 460.777 Thread 0x0000025e5db5b480 10942 %     2       org.eclipse.jdt.internal.core.search.indexing.BinaryIndexer::extractReferenceFromConstantPool @ 15 (358 bytes)
Event: 460.778 Thread 0x0000025e5c14cf60 nmethod 10934 0x0000025e52acfd90 code [0x0000025e52acff40, 0x0000025e52ad00e0]
Event: 460.778 Thread 0x0000025e5c14cf60 10938       4       org.eclipse.jdt.internal.core.search.indexing.BinaryIndexer::addPairValue (141 bytes)
Event: 460.791 Thread 0x0000025e5db5b480 nmethod 10942% 0x0000025e4b027290 code [0x0000025e4b027580, 0x0000025e4b0280e8]
Event: 460.791 Thread 0x0000025e5db5b480 10947       2       org.eclipse.jdt.internal.core.search.indexing.BinaryIndexer::addBinaryAnnotation (87 bytes)
Event: 460.793 Thread 0x0000025e5db5b480 nmethod 10947 0x0000025e4b1fec90 code [0x0000025e4b1fef00, 0x0000025e4b1ff540]
Event: 460.793 Thread 0x0000025e5db5b480 10943       2       org.eclipse.jdt.internal.core.search.indexing.AbstractIndexer::addIndexMetaQualification (44 bytes)
Event: 460.794 Thread 0x0000025e5db5b480 nmethod 10943 0x0000025e4b285810 code [0x0000025e4b2859e0, 0x0000025e4b285c70]
Event: 460.794 Thread 0x0000025e5db5b480 10936       1       org.eclipse.jdt.internal.compiler.classfmt.ElementValuePairInfo::getName (5 bytes)
Event: 460.795 Thread 0x0000025e5db5b480 nmethod 10936 0x0000025e52ab3490 code [0x0000025e52ab3620, 0x0000025e52ab36e8]
Event: 460.795 Thread 0x0000025e5db5b480 10937       1       org.eclipse.jdt.internal.compiler.classfmt.ElementValuePairInfo::getValue (5 bytes)
Event: 460.795 Thread 0x0000025e5db5b480 nmethod 10937 0x0000025e52bfb610 code [0x0000025e52bfb7a0, 0x0000025e52bfb868]
Event: 460.795 Thread 0x0000025e5db5b480 10944       1       org.eclipse.jdt.internal.compiler.classfmt.ClassFileReader::getConstantPoolOffsets (5 bytes)
Event: 460.795 Thread 0x0000025e5db5b480 nmethod 10944 0x0000025e52acf990 code [0x0000025e52acfb20, 0x0000025e52acfbe8]
Event: 460.802 Thread 0x0000025e5c14cf60 nmethod 10938 0x0000025e52b77110 code [0x0000025e52b773e0, 0x0000025e52b77bc8]
Event: 460.803 Thread 0x0000025e5c14cf60 10948       4       org.eclipse.jdt.internal.core.search.indexing.BinaryIndexer::extractReferenceFromConstantPool (358 bytes)
Event: 461.105 Thread 0x0000025e5db5b480 10962       3       org.eclipse.jdt.internal.compiler.classfmt.FieldInfo::createField (450 bytes)
Event: 461.114 Thread 0x0000025e5db5b480 nmethod 10962 0x0000025e4b0fa010 code [0x0000025e4b0fa3c0, 0x0000025e4b0fc2e8]

GC Heap History (20 events):
Event: 460.853 GC heap after
{Heap after GC invocations=488 (full 4):
 PSYoungGen      total 2560K, used 347K [0x00000000eab00000, 0x00000000eaf00000, 0x0000000100000000)
  eden space 2048K, 0% used [0x00000000eab00000,0x00000000eab00000,0x00000000ead00000)
  from space 512K, 67% used [0x00000000eae00000,0x00000000eae56c08,0x00000000eae80000)
  to   space 512K, 0% used [0x00000000eae80000,0x00000000eae80000,0x00000000eaf00000)
 ParOldGen       total 390656K, used 390569K [0x00000000c0000000, 0x00000000d7d80000, 0x00000000eab00000)
  object space 390656K, 99% used [0x00000000c0000000,0x00000000d7d6a570,0x00000000d7d80000)
 Metaspace       used 72593K, committed 74048K, reserved 1114112K
  class space    used 8800K, committed 9472K, reserved 1048576K
}
Event: 460.881 GC heap before
{Heap before GC invocations=489 (full 4):
 PSYoungGen      total 2560K, used 2395K [0x00000000eab00000, 0x00000000eaf00000, 0x0000000100000000)
  eden space 2048K, 100% used [0x00000000eab00000,0x00000000ead00000,0x00000000ead00000)
  from space 512K, 67% used [0x00000000eae00000,0x00000000eae56c08,0x00000000eae80000)
  to   space 512K, 0% used [0x00000000eae80000,0x00000000eae80000,0x00000000eaf00000)
 ParOldGen       total 390656K, used 390569K [0x00000000c0000000, 0x00000000d7d80000, 0x00000000eab00000)
  object space 390656K, 99% used [0x00000000c0000000,0x00000000d7d6a570,0x00000000d7d80000)
 Metaspace       used 72593K, committed 74048K, reserved 1114112K
  class space    used 8800K, committed 9472K, reserved 1048576K
}
Event: 460.883 GC heap after
{Heap after GC invocations=489 (full 4):
 PSYoungGen      total 2560K, used 288K [0x00000000eab00000, 0x00000000eaf00000, 0x0000000100000000)
  eden space 2048K, 0% used [0x00000000eab00000,0x00000000eab00000,0x00000000ead00000)
  from space 512K, 56% used [0x00000000eae80000,0x00000000eaec8000,0x00000000eaf00000)
  to   space 512K, 0% used [0x00000000eae00000,0x00000000eae00000,0x00000000eae80000)
 ParOldGen       total 391168K, used 390812K [0x00000000c0000000, 0x00000000d7e00000, 0x00000000eab00000)
  object space 391168K, 99% used [0x00000000c0000000,0x00000000d7da7178,0x00000000d7e00000)
 Metaspace       used 72593K, committed 74048K, reserved 1114112K
  class space    used 8800K, committed 9472K, reserved 1048576K
}
Event: 460.906 GC heap before
{Heap before GC invocations=490 (full 4):
 PSYoungGen      total 2560K, used 2317K [0x00000000eab00000, 0x00000000eaf00000, 0x0000000100000000)
  eden space 2048K, 99% used [0x00000000eab00000,0x00000000eacfb760,0x00000000ead00000)
  from space 512K, 56% used [0x00000000eae80000,0x00000000eaec8000,0x00000000eaf00000)
  to   space 512K, 0% used [0x00000000eae00000,0x00000000eae00000,0x00000000eae80000)
 ParOldGen       total 391168K, used 390812K [0x00000000c0000000, 0x00000000d7e00000, 0x00000000eab00000)
  object space 391168K, 99% used [0x00000000c0000000,0x00000000d7da7178,0x00000000d7e00000)
 Metaspace       used 72593K, committed 74048K, reserved 1114112K
  class space    used 8800K, committed 9472K, reserved 1048576K
}
Event: 460.908 GC heap after
{Heap after GC invocations=490 (full 4):
 PSYoungGen      total 2560K, used 370K [0x00000000eab00000, 0x00000000eaf00000, 0x0000000100000000)
  eden space 2048K, 0% used [0x00000000eab00000,0x00000000eab00000,0x00000000ead00000)
  from space 512K, 72% used [0x00000000eae00000,0x00000000eae5cba8,0x00000000eae80000)
  to   space 512K, 0% used [0x00000000eae80000,0x00000000eae80000,0x00000000eaf00000)
 ParOldGen       total 391168K, used 390996K [0x00000000c0000000, 0x00000000d7e00000, 0x00000000eab00000)
  object space 391168K, 99% used [0x00000000c0000000,0x00000000d7dd5178,0x00000000d7e00000)
 Metaspace       used 72593K, committed 74048K, reserved 1114112K
  class space    used 8800K, committed 9472K, reserved 1048576K
}
Event: 460.929 GC heap before
{Heap before GC invocations=491 (full 4):
 PSYoungGen      total 2560K, used 2418K [0x00000000eab00000, 0x00000000eaf00000, 0x0000000100000000)
  eden space 2048K, 100% used [0x00000000eab00000,0x00000000ead00000,0x00000000ead00000)
  from space 512K, 72% used [0x00000000eae00000,0x00000000eae5cba8,0x00000000eae80000)
  to   space 512K, 0% used [0x00000000eae80000,0x00000000eae80000,0x00000000eaf00000)
 ParOldGen       total 391168K, used 390996K [0x00000000c0000000, 0x00000000d7e00000, 0x00000000eab00000)
  object space 391168K, 99% used [0x00000000c0000000,0x00000000d7dd5178,0x00000000d7e00000)
 Metaspace       used 72593K, committed 74048K, reserved 1114112K
  class space    used 8800K, committed 9472K, reserved 1048576K
}
Event: 460.931 GC heap after
{Heap after GC invocations=491 (full 4):
 PSYoungGen      total 2560K, used 288K [0x00000000eab00000, 0x00000000eaf00000, 0x0000000100000000)
  eden space 2048K, 0% used [0x00000000eab00000,0x00000000eab00000,0x00000000ead00000)
  from space 512K, 56% used [0x00000000eae80000,0x00000000eaec8000,0x00000000eaf00000)
  to   space 512K, 0% used [0x00000000eae00000,0x00000000eae00000,0x00000000eae80000)
 ParOldGen       total 391680K, used 391196K [0x00000000c0000000, 0x00000000d7e80000, 0x00000000eab00000)
  object space 391680K, 99% used [0x00000000c0000000,0x00000000d7e07178,0x00000000d7e80000)
 Metaspace       used 72593K, committed 74048K, reserved 1114112K
  class space    used 8800K, committed 9472K, reserved 1048576K
}
Event: 460.951 GC heap before
{Heap before GC invocations=492 (full 4):
 PSYoungGen      total 2560K, used 2336K [0x00000000eab00000, 0x00000000eaf00000, 0x0000000100000000)
  eden space 2048K, 100% used [0x00000000eab00000,0x00000000ead00000,0x00000000ead00000)
  from space 512K, 56% used [0x00000000eae80000,0x00000000eaec8000,0x00000000eaf00000)
  to   space 512K, 0% used [0x00000000eae00000,0x00000000eae00000,0x00000000eae80000)
 ParOldGen       total 391680K, used 391196K [0x00000000c0000000, 0x00000000d7e80000, 0x00000000eab00000)
  object space 391680K, 99% used [0x00000000c0000000,0x00000000d7e07178,0x00000000d7e80000)
 Metaspace       used 72593K, committed 74048K, reserved 1114112K
  class space    used 8800K, committed 9472K, reserved 1048576K
}
Event: 460.953 GC heap after
{Heap after GC invocations=492 (full 4):
 PSYoungGen      total 2560K, used 391K [0x00000000eab00000, 0x00000000eaf00000, 0x0000000100000000)
  eden space 2048K, 0% used [0x00000000eab00000,0x00000000eab00000,0x00000000ead00000)
  from space 512K, 76% used [0x00000000eae00000,0x00000000eae61f40,0x00000000eae80000)
  to   space 512K, 0% used [0x00000000eae80000,0x00000000eae80000,0x00000000eaf00000)
 ParOldGen       total 391680K, used 391380K [0x00000000c0000000, 0x00000000d7e80000, 0x00000000eab00000)
  object space 391680K, 99% used [0x00000000c0000000,0x00000000d7e35178,0x00000000d7e80000)
 Metaspace       used 72593K, committed 74048K, reserved 1114112K
  class space    used 8800K, committed 9472K, reserved 1048576K
}
Event: 460.983 GC heap before
{Heap before GC invocations=493 (full 4):
 PSYoungGen      total 2560K, used 2439K [0x00000000eab00000, 0x00000000eaf00000, 0x0000000100000000)
  eden space 2048K, 100% used [0x00000000eab00000,0x00000000ead00000,0x00000000ead00000)
  from space 512K, 76% used [0x00000000eae00000,0x00000000eae61f40,0x00000000eae80000)
  to   space 512K, 0% used [0x00000000eae80000,0x00000000eae80000,0x00000000eaf00000)
 ParOldGen       total 391680K, used 391380K [0x00000000c0000000, 0x00000000d7e80000, 0x00000000eab00000)
  object space 391680K, 99% used [0x00000000c0000000,0x00000000d7e35178,0x00000000d7e80000)
 Metaspace       used 72593K, committed 74048K, reserved 1114112K
  class space    used 8800K, committed 9472K, reserved 1048576K
}
Event: 460.985 GC heap after
{Heap after GC invocations=493 (full 4):
 PSYoungGen      total 2560K, used 438K [0x00000000eab00000, 0x00000000eaf00000, 0x0000000100000000)
  eden space 2048K, 0% used [0x00000000eab00000,0x00000000eab00000,0x00000000ead00000)
  from space 512K, 85% used [0x00000000eae80000,0x00000000eaeed808,0x00000000eaf00000)
  to   space 512K, 0% used [0x00000000eae00000,0x00000000eae00000,0x00000000eae80000)
 ParOldGen       total 391680K, used 391628K [0x00000000c0000000, 0x00000000d7e80000, 0x00000000eab00000)
  object space 391680K, 99% used [0x00000000c0000000,0x00000000d7e73178,0x00000000d7e80000)
 Metaspace       used 72593K, committed 74048K, reserved 1114112K
  class space    used 8800K, committed 9472K, reserved 1048576K
}
Event: 461.002 GC heap before
{Heap before GC invocations=494 (full 4):
 PSYoungGen      total 2560K, used 2486K [0x00000000eab00000, 0x00000000eaf00000, 0x0000000100000000)
  eden space 2048K, 100% used [0x00000000eab00000,0x00000000ead00000,0x00000000ead00000)
  from space 512K, 85% used [0x00000000eae80000,0x00000000eaeed808,0x00000000eaf00000)
  to   space 512K, 0% used [0x00000000eae00000,0x00000000eae00000,0x00000000eae80000)
 ParOldGen       total 391680K, used 391628K [0x00000000c0000000, 0x00000000d7e80000, 0x00000000eab00000)
  object space 391680K, 99% used [0x00000000c0000000,0x00000000d7e73178,0x00000000d7e80000)
 Metaspace       used 72593K, committed 74048K, reserved 1114112K
  class space    used 8800K, committed 9472K, reserved 1048576K
}
Event: 461.005 GC heap after
{Heap after GC invocations=494 (full 4):
 PSYoungGen      total 2560K, used 393K [0x00000000eab00000, 0x00000000eaf00000, 0x0000000100000000)
  eden space 2048K, 0% used [0x00000000eab00000,0x00000000eab00000,0x00000000ead00000)
  from space 512K, 76% used [0x00000000eae00000,0x00000000eae62420,0x00000000eae80000)
  to   space 512K, 0% used [0x00000000eae80000,0x00000000eae80000,0x00000000eaf00000)
 ParOldGen       total 392192K, used 391890K [0x00000000c0000000, 0x00000000d7f00000, 0x00000000eab00000)
  object space 392192K, 99% used [0x00000000c0000000,0x00000000d7eb4980,0x00000000d7f00000)
 Metaspace       used 72593K, committed 74048K, reserved 1114112K
  class space    used 8800K, committed 9472K, reserved 1048576K
}
Event: 461.041 GC heap before
{Heap before GC invocations=495 (full 4):
 PSYoungGen      total 2560K, used 2441K [0x00000000eab00000, 0x00000000eaf00000, 0x0000000100000000)
  eden space 2048K, 100% used [0x00000000eab00000,0x00000000ead00000,0x00000000ead00000)
  from space 512K, 76% used [0x00000000eae00000,0x00000000eae62420,0x00000000eae80000)
  to   space 512K, 0% used [0x00000000eae80000,0x00000000eae80000,0x00000000eaf00000)
 ParOldGen       total 392192K, used 391890K [0x00000000c0000000, 0x00000000d7f00000, 0x00000000eab00000)
  object space 392192K, 99% used [0x00000000c0000000,0x00000000d7eb4980,0x00000000d7f00000)
 Metaspace       used 72593K, committed 74048K, reserved 1114112K
  class space    used 8800K, committed 9472K, reserved 1048576K
}
Event: 461.044 GC heap after
{Heap after GC invocations=495 (full 4):
 PSYoungGen      total 2560K, used 352K [0x00000000eab00000, 0x00000000eaf00000, 0x0000000100000000)
  eden space 2048K, 0% used [0x00000000eab00000,0x00000000eab00000,0x00000000ead00000)
  from space 512K, 68% used [0x00000000eae80000,0x00000000eaed8000,0x00000000eaf00000)
  to   space 512K, 0% used [0x00000000eae00000,0x00000000eae00000,0x00000000eae80000)
 ParOldGen       total 392192K, used 392130K [0x00000000c0000000, 0x00000000d7f00000, 0x00000000eab00000)
  object space 392192K, 99% used [0x00000000c0000000,0x00000000d7ef0980,0x00000000d7f00000)
 Metaspace       used 72593K, committed 74048K, reserved 1114112K
  class space    used 8800K, committed 9472K, reserved 1048576K
}
Event: 461.077 GC heap before
{Heap before GC invocations=496 (full 4):
 PSYoungGen      total 2560K, used 2399K [0x00000000eab00000, 0x00000000eaf00000, 0x0000000100000000)
  eden space 2048K, 99% used [0x00000000eab00000,0x00000000eacfff60,0x00000000ead00000)
  from space 512K, 68% used [0x00000000eae80000,0x00000000eaed8000,0x00000000eaf00000)
  to   space 512K, 0% used [0x00000000eae00000,0x00000000eae00000,0x00000000eae80000)
 ParOldGen       total 392192K, used 392130K [0x00000000c0000000, 0x00000000d7f00000, 0x00000000eab00000)
  object space 392192K, 99% used [0x00000000c0000000,0x00000000d7ef0980,0x00000000d7f00000)
 Metaspace       used 72593K, committed 74048K, reserved 1114112K
  class space    used 8800K, committed 9472K, reserved 1048576K
}
Event: 461.081 GC heap after
{Heap after GC invocations=496 (full 4):
 PSYoungGen      total 2560K, used 384K [0x00000000eab00000, 0x00000000eaf00000, 0x0000000100000000)
  eden space 2048K, 0% used [0x00000000eab00000,0x00000000eab00000,0x00000000ead00000)
  from space 512K, 75% used [0x00000000eae00000,0x00000000eae60000,0x00000000eae80000)
  to   space 512K, 0% used [0x00000000eae80000,0x00000000eae80000,0x00000000eaf00000)
 ParOldGen       total 392704K, used 392362K [0x00000000c0000000, 0x00000000d7f80000, 0x00000000eab00000)
  object space 392704K, 99% used [0x00000000c0000000,0x00000000d7f2a980,0x00000000d7f80000)
 Metaspace       used 72593K, committed 74048K, reserved 1114112K
  class space    used 8800K, committed 9472K, reserved 1048576K
}
Event: 461.105 GC heap before
{Heap before GC invocations=497 (full 4):
 PSYoungGen      total 2560K, used 2432K [0x00000000eab00000, 0x00000000eaf00000, 0x0000000100000000)
  eden space 2048K, 100% used [0x00000000eab00000,0x00000000ead00000,0x00000000ead00000)
  from space 512K, 75% used [0x00000000eae00000,0x00000000eae60000,0x00000000eae80000)
  to   space 512K, 0% used [0x00000000eae80000,0x00000000eae80000,0x00000000eaf00000)
 ParOldGen       total 392704K, used 392362K [0x00000000c0000000, 0x00000000d7f80000, 0x00000000eab00000)
  object space 392704K, 99% used [0x00000000c0000000,0x00000000d7f2a980,0x00000000d7f80000)
 Metaspace       used 72593K, committed 74048K, reserved 1114112K
  class space    used 8800K, committed 9472K, reserved 1048576K
}
Event: 461.109 GC heap after
{Heap after GC invocations=497 (full 4):
 PSYoungGen      total 2560K, used 320K [0x00000000eab00000, 0x00000000eaf00000, 0x0000000100000000)
  eden space 2048K, 0% used [0x00000000eab00000,0x00000000eab00000,0x00000000ead00000)
  from space 512K, 62% used [0x00000000eae80000,0x00000000eaed0000,0x00000000eaf00000)
  to   space 512K, 0% used [0x00000000eae00000,0x00000000eae00000,0x00000000eae80000)
 ParOldGen       total 392704K, used 392610K [0x00000000c0000000, 0x00000000d7f80000, 0x00000000eab00000)
  object space 392704K, 99% used [0x00000000c0000000,0x00000000d7f68980,0x00000000d7f80000)
 Metaspace       used 72593K, committed 74048K, reserved 1114112K
  class space    used 8800K, committed 9472K, reserved 1048576K
}
Event: 461.129 GC heap before
{Heap before GC invocations=498 (full 4):
 PSYoungGen      total 2560K, used 2368K [0x00000000eab00000, 0x00000000eaf00000, 0x0000000100000000)
  eden space 2048K, 100% used [0x00000000eab00000,0x00000000ead00000,0x00000000ead00000)
  from space 512K, 62% used [0x00000000eae80000,0x00000000eaed0000,0x00000000eaf00000)
  to   space 512K, 0% used [0x00000000eae00000,0x00000000eae00000,0x00000000eae80000)
 ParOldGen       total 392704K, used 392610K [0x00000000c0000000, 0x00000000d7f80000, 0x00000000eab00000)
  object space 392704K, 99% used [0x00000000c0000000,0x00000000d7f68980,0x00000000d7f80000)
 Metaspace       used 72593K, committed 74048K, reserved 1114112K
  class space    used 8800K, committed 9472K, reserved 1048576K
}

Dll operation events (15 events):
Event: 0.057 Loaded shared library c:\Users\HP\.vscode\extensions\redhat.java-1.42.0-win32-x64\jre\21.0.7-win32-x86_64\bin\java.dll
Event: 0.394 Loaded shared library c:\Users\HP\.vscode\extensions\redhat.java-1.42.0-win32-x64\jre\21.0.7-win32-x86_64\bin\zip.dll
Event: 0.458 Loaded shared library C:\Users\HP\.vscode\extensions\redhat.java-1.42.0-win32-x64\jre\21.0.7-win32-x86_64\bin\instrument.dll
Event: 0.470 Loaded shared library C:\Users\HP\.vscode\extensions\redhat.java-1.42.0-win32-x64\jre\21.0.7-win32-x86_64\bin\net.dll
Event: 0.475 Loaded shared library C:\Users\HP\.vscode\extensions\redhat.java-1.42.0-win32-x64\jre\21.0.7-win32-x86_64\bin\nio.dll
Event: 0.484 Loaded shared library C:\Users\HP\.vscode\extensions\redhat.java-1.42.0-win32-x64\jre\21.0.7-win32-x86_64\bin\zip.dll
Event: 0.549 Loaded shared library C:\Users\HP\.vscode\extensions\redhat.java-1.42.0-win32-x64\jre\21.0.7-win32-x86_64\bin\jimage.dll
Event: 0.834 Loaded shared library c:\Users\HP\.vscode\extensions\redhat.java-1.42.0-win32-x64\jre\21.0.7-win32-x86_64\bin\verify.dll
Event: 22.069 Loaded shared library C:\Users\HP\AppData\Roaming\Code\User\globalStorage\redhat.java\1.42.0\config_win\org.eclipse.equinox.launcher\org.eclipse.equinox.launcher.win32.win32.x86_64_1.2.1300.v20250331-1702\eclipse_11911.dll
Event: 41.966 Loaded shared library C:\Users\HP\AppData\Local\Temp\jna-2312\jna18398041205759355000.dll
Event: 46.895 Loaded shared library C:\Users\HP\.gradle\native\c067742578af261105cb4f569cf0c3c89f3d7b1fecec35dd04571415982c5e48\windows-amd64\native-platform.dll
Event: 50.506 Loaded shared library C:\Users\HP\.vscode\extensions\redhat.java-1.42.0-win32-x64\jre\21.0.7-win32-x86_64\bin\management.dll
Event: 50.519 Loaded shared library C:\Users\HP\.vscode\extensions\redhat.java-1.42.0-win32-x64\jre\21.0.7-win32-x86_64\bin\management_ext.dll
Event: 56.275 Loaded shared library C:\Users\HP\.vscode\extensions\redhat.java-1.42.0-win32-x64\jre\21.0.7-win32-x86_64\bin\extnet.dll
Event: 62.377 Loaded shared library C:\Users\HP\.vscode\extensions\redhat.java-1.42.0-win32-x64\jre\21.0.7-win32-x86_64\bin\sunmscapi.dll

Deoptimization events (20 events):
Event: 458.434 Thread 0x0000025e622efa00 DEOPT PACKING pc=0x0000025e532722e0 sp=0x000000744c1fed70
Event: 458.434 Thread 0x0000025e622efa00 DEOPT UNPACKING pc=0x0000025e52506da2 sp=0x000000744c1fecc8 mode 2
Event: 458.642 Thread 0x0000025e622efa00 DEOPT PACKING pc=0x0000025e4c321bbc sp=0x000000744c1fe600
Event: 458.642 Thread 0x0000025e622efa00 DEOPT UNPACKING pc=0x0000025e525078e2 sp=0x000000744c1fda98 mode 0
Event: 458.643 Thread 0x0000025e622efa00 DEOPT PACKING pc=0x0000025e4c321bbc sp=0x000000744c1fe980
Event: 458.643 Thread 0x0000025e622efa00 DEOPT UNPACKING pc=0x0000025e525078e2 sp=0x000000744c1fde18 mode 0
Event: 458.661 Thread 0x0000025e622efa00 DEOPT PACKING pc=0x0000025e4c331ffe sp=0x000000744c1feaf0
Event: 458.661 Thread 0x0000025e622efa00 DEOPT UNPACKING pc=0x0000025e525078e2 sp=0x000000744c1fdfe8 mode 0
Event: 460.820 Thread 0x0000025e622efa00 DEOPT PACKING pc=0x0000025e4c215c21 sp=0x000000744c1fe9e0
Event: 460.820 Thread 0x0000025e622efa00 DEOPT UNPACKING pc=0x0000025e525078e2 sp=0x000000744c1fddd0 mode 0
Event: 460.920 Thread 0x0000025e622efa00 DEOPT PACKING pc=0x0000025e4c19db1c sp=0x000000744c1fe970
Event: 460.920 Thread 0x0000025e622efa00 DEOPT UNPACKING pc=0x0000025e525078e2 sp=0x000000744c1fddd8 mode 0
Event: 460.933 Thread 0x0000025e622efa00 DEOPT PACKING pc=0x0000025e4c215c21 sp=0x000000744c1fe9e0
Event: 460.933 Thread 0x0000025e622efa00 DEOPT UNPACKING pc=0x0000025e525078e2 sp=0x000000744c1fddd0 mode 0
Event: 461.033 Thread 0x0000025e622efa00 Uncommon trap: trap_request=0xffffff45 fr.pc=0x0000025e532f5c74 relative=0x0000000000001814
Event: 461.033 Thread 0x0000025e622efa00 Uncommon trap: reason=unstable_if action=reinterpret pc=0x0000025e532f5c74 method=org.eclipse.jdt.internal.compiler.classfmt.FieldInfo.createField([B[IIJ)Lorg/eclipse/jdt/internal/compiler/classfmt/FieldInfo; @ 254 c2
Event: 461.033 Thread 0x0000025e622efa00 DEOPT PACKING pc=0x0000025e532f5c74 sp=0x000000744c1fe960
Event: 461.033 Thread 0x0000025e622efa00 DEOPT UNPACKING pc=0x0000025e52506da2 sp=0x000000744c1fe8d8 mode 2
Event: 461.116 Thread 0x0000025e622efa00 DEOPT PACKING pc=0x0000025e4c215c21 sp=0x000000744c1fe9e0
Event: 461.116 Thread 0x0000025e622efa00 DEOPT UNPACKING pc=0x0000025e525078e2 sp=0x000000744c1fddd0 mode 0

Classes loaded (20 events):
Event: 409.107 Loading class java/nio/ByteBufferAsIntBufferL
Event: 409.109 Loading class java/nio/ByteBufferAsIntBufferL done
Event: 409.120 Loading class jdk/internal/jimage/ImageReader$Directory
Event: 409.120 Loading class jdk/internal/jimage/ImageReader$Directory done
Event: 409.650 Loading class sun/net/www/http/ChunkedInputStream
Event: 409.652 Loading class sun/net/www/http/ChunkedInputStream done
Event: 409.653 Loading class sun/net/www/protocol/http/HttpURLConnection$HttpInputStream
Event: 409.653 Loading class sun/net/www/protocol/http/HttpURLConnection$HttpInputStream done
Event: 409.660 Loading class java/lang/Throwable$WrappedPrintWriter
Event: 409.661 Loading class java/lang/Throwable$PrintStreamOrWriter
Event: 409.662 Loading class java/lang/Throwable$PrintStreamOrWriter done
Event: 409.662 Loading class java/lang/Throwable$WrappedPrintWriter done
Event: 409.876 Loading class java/nio/channels/Channels$ReadableByteChannelImpl
Event: 409.877 Loading class java/nio/channels/Channels$ReadableByteChannelImpl done
Event: 409.878 Loading class java/nio/channels/NonWritableChannelException
Event: 409.879 Loading class java/nio/channels/NonWritableChannelException done
Event: 410.745 Loading class java/security/DigestInputStream
Event: 410.745 Loading class java/security/DigestInputStream done
Event: 451.377 Loading class sun/nio/fs/WindowsFileCopy
Event: 451.598 Loading class sun/nio/fs/WindowsFileCopy done

Classes unloaded (18 events):
Event: 43.058 Thread 0x0000025e47e4ec00 Unloading class 0x0000025e011a4c00 'java/lang/invoke/LambdaForm$MH+0x0000025e011a4c00'
Event: 43.059 Thread 0x0000025e47e4ec00 Unloading class 0x0000025e011a4800 'java/lang/invoke/LambdaForm$MH+0x0000025e011a4800'
Event: 43.059 Thread 0x0000025e47e4ec00 Unloading class 0x0000025e011a4400 'java/lang/invoke/LambdaForm$MH+0x0000025e011a4400'
Event: 43.059 Thread 0x0000025e47e4ec00 Unloading class 0x0000025e011a4000 'java/lang/invoke/LambdaForm$MH+0x0000025e011a4000'
Event: 43.059 Thread 0x0000025e47e4ec00 Unloading class 0x0000025e011a3c00 'java/lang/invoke/LambdaForm$BMH+0x0000025e011a3c00'
Event: 43.059 Thread 0x0000025e47e4ec00 Unloading class 0x0000025e011a3800 'java/lang/invoke/LambdaForm$DMH+0x0000025e011a3800'
Event: 43.059 Thread 0x0000025e47e4ec00 Unloading class 0x0000025e011a2400 'java/lang/invoke/LambdaForm$DMH+0x0000025e011a2400'
Event: 44.536 Thread 0x0000025e47e4ec00 Unloading class 0x0000025e0131a000 'java/lang/invoke/LambdaForm$MH+0x0000025e0131a000'
Event: 44.536 Thread 0x0000025e47e4ec00 Unloading class 0x0000025e01319400 'java/lang/invoke/LambdaForm$MH+0x0000025e01319400'
Event: 44.536 Thread 0x0000025e47e4ec00 Unloading class 0x0000025e01318c00 'java/lang/invoke/LambdaForm$MH+0x0000025e01318c00'
Event: 44.536 Thread 0x0000025e47e4ec00 Unloading class 0x0000025e01318400 'java/lang/invoke/LambdaForm$MH+0x0000025e01318400'
Event: 44.536 Thread 0x0000025e47e4ec00 Unloading class 0x0000025e01318000 'java/lang/invoke/LambdaForm$DMH+0x0000025e01318000'
Event: 44.536 Thread 0x0000025e47e4ec00 Unloading class 0x0000025e0130e000 'java/lang/invoke/LambdaForm$MH+0x0000025e0130e000'
Event: 44.536 Thread 0x0000025e47e4ec00 Unloading class 0x0000025e0130d400 'java/lang/invoke/LambdaForm$MH+0x0000025e0130d400'
Event: 44.536 Thread 0x0000025e47e4ec00 Unloading class 0x0000025e0130cc00 'java/lang/invoke/LambdaForm$MH+0x0000025e0130cc00'
Event: 44.536 Thread 0x0000025e47e4ec00 Unloading class 0x0000025e0130c400 'java/lang/invoke/LambdaForm$MH+0x0000025e0130c400'
Event: 44.536 Thread 0x0000025e47e4ec00 Unloading class 0x0000025e0130bc00 'java/lang/invoke/LambdaForm$MH+0x0000025e0130bc00'
Event: 44.536 Thread 0x0000025e47e4ec00 Unloading class 0x0000025e0130b400 'java/lang/invoke/LambdaForm$MH+0x0000025e0130b400'

Classes redefined (0 events):
No events

Internal exceptions (20 events):
Event: 406.365 Thread 0x0000025e64faa390 Implicit null exception at 0x0000025e52de5785 to 0x0000025e52deec1d
Event: 406.781 Thread 0x0000025e622ee650 Implicit null exception at 0x0000025e52b7fd04 to 0x0000025e52b80790
Event: 406.781 Thread 0x0000025e622ee650 Implicit null exception at 0x0000025e52f88aab to 0x0000025e52f897cc
Event: 407.456 Thread 0x0000025e622ef370 Implicit null exception at 0x0000025e52ed29c2 to 0x0000025e52ed692c
Event: 408.402 Thread 0x0000025e637ed580 Exception <a 'sun/nio/fs/WindowsException'{0x00000000eb865d58}> (0x00000000eb865d58) 
thrown [s\src\hotspot\share\prims\jni.cpp, line 520]
Event: 408.403 Thread 0x0000025e637ed580 Exception <a 'sun/nio/fs/WindowsException'{0x00000000eb8666b8}> (0x00000000eb8666b8) 
thrown [s\src\hotspot\share\prims\jni.cpp, line 520]
Event: 408.423 Thread 0x0000025e637ed580 Exception <a 'sun/nio/fs/WindowsException'{0x00000000eb8e9908}> (0x00000000eb8e9908) 
thrown [s\src\hotspot\share\prims\jni.cpp, line 520]
Event: 408.423 Thread 0x0000025e637ed580 Exception <a 'sun/nio/fs/WindowsException'{0x00000000eb8ea268}> (0x00000000eb8ea268) 
thrown [s\src\hotspot\share\prims\jni.cpp, line 520]
Event: 408.562 Thread 0x0000025e637ed580 Exception <a 'sun/nio/fs/WindowsException'{0x00000000ebba8a48}> (0x00000000ebba8a48) 
thrown [s\src\hotspot\share\prims\jni.cpp, line 520]
Event: 408.570 Thread 0x0000025e637ed580 Exception <a 'sun/nio/fs/WindowsException'{0x00000000ebbc6310}> (0x00000000ebbc6310) 
thrown [s\src\hotspot\share\prims\jni.cpp, line 520]
Event: 408.575 Thread 0x0000025e637ed580 Implicit null exception at 0x0000025e52ffdebe to 0x0000025e52ffeea4
Event: 408.576 Thread 0x0000025e637ed580 Exception <a 'java/io/FileNotFoundException'{0x00000000ebbf18f0}> (0x00000000ebbf18f0) 
thrown [s\src\hotspot\share\prims\jni.cpp, line 520]
Event: 409.057 Thread 0x0000025e622efa00 Implicit null exception at 0x0000025e52fdc798 to 0x0000025e52fe6588
Event: 409.058 Thread 0x0000025e622efa00 Implicit null exception at 0x0000025e52cff977 to 0x0000025e52cffbe0
Event: 409.063 Thread 0x0000025e622efa00 Exception <a 'java/lang/NoSuchMethodError'{0x00000000eaf59ba8}: 'java.lang.Object java.lang.invoke.DelegatingMethodHandle$Holder.reinvoke_L(java.lang.Object, int, long, java.lang.Object, java.lang.Object, int, java.lang.Object)'> (0x00000000eaf59ba8) 
thrown [s\src\hotspot\share\interpreter\linkResolver.cpp, line 773]
Event: 411.895 Thread 0x0000025e622efa00 Implicit null exception at 0x0000025e5309c6da to 0x0000025e5309c7d8
Event: 419.195 Thread 0x0000025e622efa00 Implicit null exception at 0x0000025e53140ca2 to 0x0000025e53146608
Event: 451.618 Thread 0x0000025e622efa00 Exception <a 'sun/nio/fs/WindowsException'{0x00000000eab1cf28}> (0x00000000eab1cf28) 
thrown [s\src\hotspot\share\prims\jni.cpp, line 520]
Event: 460.697 Thread 0x0000025e622efa00 Exception <a 'sun/nio/fs/WindowsException'{0x00000000eabda3b8}> (0x00000000eabda3b8) 
thrown [s\src\hotspot\share\prims\jni.cpp, line 520]
Event: 461.033 Thread 0x0000025e622efa00 Implicit null exception at 0x0000025e532f4caa to 0x0000025e532f5c1c

ZGC Phase Switch (0 events):
No events

VM Operations (20 events):
Event: 460.853 Executing VM operation: ParallelGCFailedAllocation (Allocation Failure) done
Event: 460.881 Executing VM operation: ParallelGCFailedAllocation (Allocation Failure)
Event: 460.883 Executing VM operation: ParallelGCFailedAllocation (Allocation Failure) done
Event: 460.905 Executing VM operation: ParallelGCFailedAllocation (Allocation Failure)
Event: 460.908 Executing VM operation: ParallelGCFailedAllocation (Allocation Failure) done
Event: 460.929 Executing VM operation: ParallelGCFailedAllocation (Allocation Failure)
Event: 460.931 Executing VM operation: ParallelGCFailedAllocation (Allocation Failure) done
Event: 460.951 Executing VM operation: ParallelGCFailedAllocation (Allocation Failure)
Event: 460.953 Executing VM operation: ParallelGCFailedAllocation (Allocation Failure) done
Event: 460.983 Executing VM operation: ParallelGCFailedAllocation (Allocation Failure)
Event: 460.985 Executing VM operation: ParallelGCFailedAllocation (Allocation Failure) done
Event: 461.002 Executing VM operation: ParallelGCFailedAllocation (Allocation Failure)
Event: 461.005 Executing VM operation: ParallelGCFailedAllocation (Allocation Failure) done
Event: 461.041 Executing VM operation: ParallelGCFailedAllocation (Allocation Failure)
Event: 461.044 Executing VM operation: ParallelGCFailedAllocation (Allocation Failure) done
Event: 461.077 Executing VM operation: ParallelGCFailedAllocation (Allocation Failure)
Event: 461.081 Executing VM operation: ParallelGCFailedAllocation (Allocation Failure) done
Event: 461.105 Executing VM operation: ParallelGCFailedAllocation (Allocation Failure)
Event: 461.109 Executing VM operation: ParallelGCFailedAllocation (Allocation Failure) done
Event: 461.129 Executing VM operation: ParallelGCFailedAllocation (Allocation Failure)

Memory protections (0 events):
No events

Nmethod flushes (20 events):
Event: 447.646 Thread 0x0000025e47e4ec00 flushing  nmethod 0x0000025e4bb5d990
Event: 447.646 Thread 0x0000025e47e4ec00 flushing  nmethod 0x0000025e4bb5e910
Event: 447.647 Thread 0x0000025e47e4ec00 flushing  nmethod 0x0000025e4bb5f190
Event: 447.647 Thread 0x0000025e47e4ec00 flushing  nmethod 0x0000025e4bb63790
Event: 447.647 Thread 0x0000025e47e4ec00 flushing  nmethod 0x0000025e4bb67d90
Event: 447.647 Thread 0x0000025e47e4ec00 flushing  nmethod 0x0000025e4bb6b810
Event: 447.647 Thread 0x0000025e47e4ec00 flushing  nmethod 0x0000025e4bb6c890
Event: 447.647 Thread 0x0000025e47e4ec00 flushing  nmethod 0x0000025e4bb6ef90
Event: 447.647 Thread 0x0000025e47e4ec00 flushing  nmethod 0x0000025e4bb6f310
Event: 447.647 Thread 0x0000025e47e4ec00 flushing  nmethod 0x0000025e4bb85f10
Event: 447.647 Thread 0x0000025e47e4ec00 flushing osr nmethod 0x0000025e4bb9e010
Event: 447.648 Thread 0x0000025e47e4ec00 flushing  nmethod 0x0000025e4bba8e90
Event: 447.648 Thread 0x0000025e47e4ec00 flushing  nmethod 0x0000025e4bbae890
Event: 447.648 Thread 0x0000025e47e4ec00 flushing  nmethod 0x0000025e4bbc1910
Event: 447.649 Thread 0x0000025e47e4ec00 flushing  nmethod 0x0000025e4bc08290
Event: 447.649 Thread 0x0000025e47e4ec00 flushing  nmethod 0x0000025e4bc08690
Event: 447.649 Thread 0x0000025e47e4ec00 flushing  nmethod 0x0000025e4bc08a10
Event: 447.649 Thread 0x0000025e47e4ec00 flushing  nmethod 0x0000025e4bc08e10
Event: 447.649 Thread 0x0000025e47e4ec00 flushing  nmethod 0x0000025e4bc11d90
Event: 447.649 Thread 0x0000025e47e4ec00 flushing  nmethod 0x0000025e4bc44f10

Events (20 events):
Event: 408.512 Thread 0x0000025e622ee650 Thread added: 0x0000025e649e3a00
Event: 408.526 Thread 0x0000025e649e3a00 Thread exited: 0x0000025e649e3a00
Event: 408.574 Thread 0x0000025e637ed580 Thread added: 0x0000025e649e3370
Event: 408.594 Thread 0x0000025e649e3370 Thread added: 0x0000025e649e3a00
Event: 408.719 Thread 0x0000025e622ee650 Thread added: 0x0000025e649e4720
Event: 408.732 Thread 0x0000025e649e4720 Thread exited: 0x0000025e649e4720
Event: 409.776 Thread 0x0000025e622ee650 Thread added: 0x0000025e649e4720
Event: 409.786 Thread 0x0000025e649e4720 Thread exited: 0x0000025e649e4720
Event: 409.868 Thread 0x0000025e622ee650 Thread added: 0x0000025e649e5ad0
Event: 409.869 Thread 0x0000025e649e5ad0 Thread exited: 0x0000025e649e5ad0
Event: 436.189 Thread 0x0000025e5c14cf60 Thread added: 0x0000025e672f93d0
Event: 436.590 Thread 0x0000025e672f93d0 Thread added: 0x0000025e680074b0
Event: 438.888 Thread 0x0000025e680074b0 Thread exited: 0x0000025e680074b0
Event: 438.888 Thread 0x0000025e672f93d0 Thread exited: 0x0000025e672f93d0
Event: 439.243 Thread 0x0000025e5c14cf60 Thread added: 0x0000025e672f93d0
Event: 439.243 Thread 0x0000025e5c14cf60 Thread added: 0x0000025e68008ff0
Event: 440.366 Thread 0x0000025e68008ff0 Thread exited: 0x0000025e68008ff0
Event: 440.539 Thread 0x0000025e672f93d0 Thread exited: 0x0000025e672f93d0
Event: 440.825 Thread 0x0000025e5c14cf60 Thread added: 0x0000025e68006de0
Event: 441.022 Thread 0x0000025e68006de0 Thread exited: 0x0000025e68006de0


Dynamic libraries:
0x00007ff69b490000 - 0x00007ff69b49e000 	c:\Users\HP\.vscode\extensions\redhat.java-1.42.0-win32-x64\jre\21.0.7-win32-x86_64\bin\java.exe
0x00007ff80f9a0000 - 0x00007ff80fc06000 	C:\WINDOWS\SYSTEM32\ntdll.dll
0x00007ff80e080000 - 0x00007ff80e149000 	C:\WINDOWS\System32\KERNEL32.DLL
0x00007ff80cf70000 - 0x00007ff80d33c000 	C:\WINDOWS\System32\KERNELBASE.dll
0x00007ff80cca0000 - 0x00007ff80cdeb000 	C:\WINDOWS\System32\ucrtbase.dll
0x00007fffc2ba0000 - 0x00007fffc2bb8000 	c:\Users\HP\.vscode\extensions\redhat.java-1.42.0-win32-x64\jre\21.0.7-win32-x86_64\bin\jli.dll
0x00007ff80eaa0000 - 0x00007ff80ec6a000 	C:\WINDOWS\System32\USER32.dll
0x00007ff80d340000 - 0x00007ff80d367000 	C:\WINDOWS\System32\win32u.dll
0x00007ff80f700000 - 0x00007ff80f72b000 	C:\WINDOWS\System32\GDI32.dll
0x00007ff80d620000 - 0x00007ff80d752000 	C:\WINDOWS\System32\gdi32full.dll
0x00007ff80cbf0000 - 0x00007ff80cc93000 	C:\WINDOWS\System32\msvcp_win.dll
0x00007fff99a00000 - 0x00007fff99a1e000 	c:\Users\HP\.vscode\extensions\redhat.java-1.42.0-win32-x64\jre\21.0.7-win32-x86_64\bin\VCRUNTIME140.dll
0x00007ffff00c0000 - 0x00007ffff035a000 	C:\WINDOWS\WinSxS\amd64_microsoft.windows.common-controls_6595b64144ccf1df_6.0.26100.3912_none_3e07963ce335137e\COMCTL32.dll
0x00007ff80ed70000 - 0x00007ff80ee19000 	C:\WINDOWS\System32\msvcrt.dll
0x00007ff80f7b0000 - 0x00007ff80f7e0000 	C:\WINDOWS\System32\IMM32.DLL
0x00007ff8074a0000 - 0x00007ff8074ac000 	c:\Users\HP\.vscode\extensions\redhat.java-1.42.0-win32-x64\jre\21.0.7-win32-x86_64\bin\vcruntime140_1.dll
0x00007fff85210000 - 0x00007fff8529d000 	c:\Users\HP\.vscode\extensions\redhat.java-1.42.0-win32-x64\jre\21.0.7-win32-x86_64\bin\msvcp140.dll
0x00007fff7a150000 - 0x00007fff7aee0000 	c:\Users\HP\.vscode\extensions\redhat.java-1.42.0-win32-x64\jre\21.0.7-win32-x86_64\bin\server\jvm.dll
0x00007ff80e3d0000 - 0x00007ff80e482000 	C:\WINDOWS\System32\ADVAPI32.dll
0x00007ff80d7e0000 - 0x00007ff80d886000 	C:\WINDOWS\System32\sechost.dll
0x00007ff80e150000 - 0x00007ff80e266000 	C:\WINDOWS\System32\RPCRT4.dll
0x00007ff80d760000 - 0x00007ff80d7d4000 	C:\WINDOWS\System32\WS2_32.dll
0x00007ff80c290000 - 0x00007ff80c2ee000 	C:\WINDOWS\SYSTEM32\POWRPROF.dll
0x00007ff805370000 - 0x00007ff80537b000 	C:\WINDOWS\SYSTEM32\VERSION.dll
0x00007ffff4d60000 - 0x00007ffff4d96000 	C:\WINDOWS\SYSTEM32\WINMM.dll
0x00007ff80c220000 - 0x00007ff80c234000 	C:\WINDOWS\SYSTEM32\UMPDC.dll
0x00007ff80b8f0000 - 0x00007ff80b90a000 	C:\WINDOWS\SYSTEM32\kernel.appcore.dll
0x00007fffdc700000 - 0x00007fffdc70a000 	c:\Users\HP\.vscode\extensions\redhat.java-1.42.0-win32-x64\jre\21.0.7-win32-x86_64\bin\jimage.dll
0x00007ff80a250000 - 0x00007ff80a491000 	C:\WINDOWS\SYSTEM32\DBGHELP.DLL
0x00007ff80f360000 - 0x00007ff80f6e4000 	C:\WINDOWS\System32\combase.dll
0x00007ff80e9b0000 - 0x00007ff80ea90000 	C:\WINDOWS\System32\OLEAUT32.dll
0x00007fffea9e0000 - 0x00007fffeaa19000 	C:\WINDOWS\SYSTEM32\dbgcore.DLL
0x00007ff80d580000 - 0x00007ff80d619000 	C:\WINDOWS\System32\bcryptPrimitives.dll
0x00007fffc9670000 - 0x00007fffc967f000 	c:\Users\HP\.vscode\extensions\redhat.java-1.42.0-win32-x64\jre\21.0.7-win32-x86_64\bin\instrument.dll
0x00007fff945d0000 - 0x00007fff945ef000 	c:\Users\HP\.vscode\extensions\redhat.java-1.42.0-win32-x64\jre\21.0.7-win32-x86_64\bin\java.dll
0x00007ff80d950000 - 0x00007ff80e07d000 	C:\WINDOWS\System32\SHELL32.dll
0x00007ff80cdf0000 - 0x00007ff80cf64000 	C:\WINDOWS\System32\wintypes.dll
0x00007ff80a7c0000 - 0x00007ff80b016000 	C:\WINDOWS\SYSTEM32\windows.storage.dll
0x00007ff80e270000 - 0x00007ff80e35f000 	C:\WINDOWS\System32\SHCORE.dll
0x00007ff80f740000 - 0x00007ff80f7a9000 	C:\WINDOWS\System32\shlwapi.dll
0x00007ff80ca40000 - 0x00007ff80ca6f000 	C:\WINDOWS\SYSTEM32\profapi.dll
0x00007fff86010000 - 0x00007fff86028000 	c:\Users\HP\.vscode\extensions\redhat.java-1.42.0-win32-x64\jre\21.0.7-win32-x86_64\bin\zip.dll
0x00007fffb43e0000 - 0x00007fffb43f0000 	C:\Users\HP\.vscode\extensions\redhat.java-1.42.0-win32-x64\jre\21.0.7-win32-x86_64\bin\net.dll
0x00007ff804b70000 - 0x00007ff804c8e000 	C:\WINDOWS\SYSTEM32\WINHTTP.dll
0x00007ff80be60000 - 0x00007ff80beca000 	C:\WINDOWS\system32\mswsock.dll
0x00007fff85ff0000 - 0x00007fff86006000 	C:\Users\HP\.vscode\extensions\redhat.java-1.42.0-win32-x64\jre\21.0.7-win32-x86_64\bin\nio.dll
0x00007fffb3ee0000 - 0x00007fffb3ef0000 	c:\Users\HP\.vscode\extensions\redhat.java-1.42.0-win32-x64\jre\21.0.7-win32-x86_64\bin\verify.dll
0x00007ff8056f0000 - 0x00007ff805735000 	C:\Users\HP\AppData\Roaming\Code\User\globalStorage\redhat.java\1.42.0\config_win\org.eclipse.equinox.launcher\org.eclipse.equinox.launcher.win32.win32.x86_64_1.2.1300.v20250331-1702\eclipse_11911.dll
0x00007ff80e7f0000 - 0x00007ff80e98f000 	C:\WINDOWS\System32\ole32.dll
0x00007ff80c1a0000 - 0x00007ff80c1bc000 	C:\WINDOWS\SYSTEM32\CRYPTSP.dll
0x00007ff80b850000 - 0x00007ff80b88a000 	C:\WINDOWS\system32\rsaenh.dll
0x00007ff80bf70000 - 0x00007ff80bf9b000 	C:\WINDOWS\SYSTEM32\USERENV.dll
0x00007ff80ca10000 - 0x00007ff80ca36000 	C:\WINDOWS\SYSTEM32\bcrypt.dll
0x00007ff80c190000 - 0x00007ff80c19c000 	C:\WINDOWS\SYSTEM32\CRYPTBASE.dll
0x00007ff80b310000 - 0x00007ff80b343000 	C:\WINDOWS\SYSTEM32\IPHLPAPI.DLL
0x00007ff80e9a0000 - 0x00007ff80e9aa000 	C:\WINDOWS\System32\NSI.dll
0x00007fffef360000 - 0x00007fffef3a9000 	C:\Users\HP\AppData\Local\Temp\jna-2312\jna18398041205759355000.dll
0x00007ff80f730000 - 0x00007ff80f738000 	C:\WINDOWS\System32\PSAPI.DLL
0x00007ff804b40000 - 0x00007ff804b5f000 	C:\WINDOWS\SYSTEM32\dhcpcsvc6.DLL
0x00007ff804b10000 - 0x00007ff804b35000 	C:\WINDOWS\SYSTEM32\dhcpcsvc.DLL
0x00007ff8056c0000 - 0x00007ff8056e7000 	C:\Users\HP\.gradle\native\c067742578af261105cb4f569cf0c3c89f3d7b1fecec35dd04571415982c5e48\windows-amd64\native-platform.dll
0x00007ff805770000 - 0x00007ff80577a000 	C:\Users\HP\.vscode\extensions\redhat.java-1.42.0-win32-x64\jre\21.0.7-win32-x86_64\bin\management.dll
0x00007ff805760000 - 0x00007ff80576b000 	C:\Users\HP\.vscode\extensions\redhat.java-1.42.0-win32-x64\jre\21.0.7-win32-x86_64\bin\management_ext.dll
0x00007ff805740000 - 0x00007ff805749000 	C:\Users\HP\.vscode\extensions\redhat.java-1.42.0-win32-x64\jre\21.0.7-win32-x86_64\bin\extnet.dll
0x00007ff805750000 - 0x00007ff80575e000 	C:\Users\HP\.vscode\extensions\redhat.java-1.42.0-win32-x64\jre\21.0.7-win32-x86_64\bin\sunmscapi.dll
0x00007ff80d370000 - 0x00007ff80d4e7000 	C:\WINDOWS\System32\CRYPT32.dll
0x00007ff80c430000 - 0x00007ff80c460000 	C:\WINDOWS\SYSTEM32\ncrypt.dll
0x00007ff80c3e0000 - 0x00007ff80c41f000 	C:\WINDOWS\SYSTEM32\NTASN1.dll
0x00007fff94570000 - 0x00007fff94578000 	C:\WINDOWS\system32\wshunix.dll
0x00007ff80b400000 - 0x00007ff80b527000 	C:\WINDOWS\SYSTEM32\DNSAPI.dll
0x00007fffed9a0000 - 0x00007fffed9ab000 	C:\Windows\System32\rasadhlp.dll
0x00007ff8036c0000 - 0x00007ff803746000 	C:\WINDOWS\System32\fwpuclnt.dll

dbghelp: loaded successfully - version: 4.0.5 - missing functions: none
symbol engine: initialized successfully - sym options: 0x614 - pdb path: .;c:\Users\HP\.vscode\extensions\redhat.java-1.42.0-win32-x64\jre\21.0.7-win32-x86_64\bin;C:\WINDOWS\SYSTEM32;C:\WINDOWS\WinSxS\amd64_microsoft.windows.common-controls_6595b64144ccf1df_6.0.26100.3912_none_3e07963ce335137e;c:\Users\HP\.vscode\extensions\redhat.java-1.42.0-win32-x64\jre\21.0.7-win32-x86_64\bin\server;C:\Users\HP\AppData\Roaming\Code\User\globalStorage\redhat.java\1.42.0\config_win\org.eclipse.equinox.launcher\org.eclipse.equinox.launcher.win32.win32.x86_64_1.2.1300.v20250331-1702;C:\Users\HP\AppData\Local\Temp\jna-2312;C:\Users\HP\.gradle\native\c067742578af261105cb4f569cf0c3c89f3d7b1fecec35dd04571415982c5e48\windows-amd64

VM Arguments:
jvm_args: --add-modules=ALL-SYSTEM --add-opens=java.base/java.util=ALL-UNNAMED --add-opens=java.base/java.lang=ALL-UNNAMED --add-opens=java.base/sun.nio.fs=ALL-UNNAMED -Declipse.application=org.eclipse.jdt.ls.core.id1 -Dosgi.bundles.defaultStartLevel=4 -Declipse.product=org.eclipse.jdt.ls.core.product -Djava.import.generatesMetadataFilesAtProjectRoot=false -DDetectVMInstallationsJob.disabled=true -Dfile.encoding=utf8 -XX:+UseParallelGC -XX:GCTimeRatio=4 -XX:AdaptiveSizePolicyWeight=90 -Dsun.zip.disableMemoryMapping=true -Xmx1G -Xms100m -Xlog:disable -javaagent:c:\Users\HP\.vscode\extensions\redhat.java-1.42.0-win32-x64\lombok\lombok-1.18.36.jar -XX:+HeapDumpOnOutOfMemoryError -XX:HeapDumpPath=c:\Users\HP\AppData\Roaming\Code\User\workspaceStorage\38412d20197ed094be9b72b2a1945247\redhat.java -Daether.dependencyCollector.impl=bf 
java_command: c:\Users\HP\.vscode\extensions\redhat.java-1.42.0-win32-x64\server\plugins\org.eclipse.equinox.launcher_1.7.0.v20250424-1814.jar -configuration c:\Users\HP\AppData\Roaming\Code\User\globalStorage\redhat.java\1.42.0\config_win -data c:\Users\HP\AppData\Roaming\Code\User\workspaceStorage\38412d20197ed094be9b72b2a1945247\redhat.java\jdt_ws --pipe=\\.\pipe\lsp-5dbac5cc907e8eaa1d4d8fd64337bfe2-sock
java_class_path (initial): c:\Users\HP\.vscode\extensions\redhat.java-1.42.0-win32-x64\server\plugins\org.eclipse.equinox.launcher_1.7.0.v20250424-1814.jar
Launcher Type: SUN_STANDARD

[Global flags]
    uintx AdaptiveSizePolicyWeight                 = 90                                        {product} {command line}
     intx CICompilerCount                          = 4                                         {product} {ergonomic}
    uintx GCTimeRatio                              = 4                                         {product} {command line}
     bool HeapDumpOnOutOfMemoryError               = true                                   {manageable} {command line}
    ccstr HeapDumpPath                             = c:\Users\HP\AppData\Roaming\Code\User\workspaceStorage\38412d20197ed094be9b72b2a1945247\redhat.java         {manageable} {command line}
   size_t InitialHeapSize                          = 104857600                                 {product} {command line}
   size_t MaxHeapSize                              = 1073741824                                {product} {command line}
   size_t MaxNewSize                               = 357564416                                 {product} {ergonomic}
   size_t MinHeapDeltaBytes                        = 524288                                    {product} {ergonomic}
   size_t MinHeapSize                              = 104857600                                 {product} {command line}
   size_t NewSize                                  = 34603008                                  {product} {ergonomic}
    uintx NonNMethodCodeHeapSize                   = 5839372                                {pd product} {ergonomic}
    uintx NonProfiledCodeHeapSize                  = 122909434                              {pd product} {ergonomic}
   size_t OldSize                                  = 70254592                                  {product} {ergonomic}
    uintx ProfiledCodeHeapSize                     = 122909434                              {pd product} {ergonomic}
    uintx ReservedCodeCacheSize                    = 251658240                              {pd product} {ergonomic}
     bool SegmentedCodeCache                       = true                                      {product} {ergonomic}
   size_t SoftMaxHeapSize                          = 1073741824                             {manageable} {ergonomic}
     bool UseCompressedOops                        = true                           {product lp64_product} {ergonomic}
     bool UseLargePagesIndividualAllocation        = false                                  {pd product} {ergonomic}
     bool UseParallelGC                            = true                                      {product} {command line}

Logging:
Log output configuration:
 #0: stdout all=off uptime,level,tags foldmultilines=false
 #1: stderr all=off uptime,level,tags foldmultilines=false

Environment Variables:
JAVA_HOME=C:\Program Files\Android\Android Studio\jbr
PATH=C:\Program Files\Zulu\zulu-21\bin\;C:\Program Files\Common Files\Oracle\Java\javapath;C:\WINDOWS\system32;C:\WINDOWS;C:\WINDOWS\System32\Wbem;C:\WINDOWS\System32\WindowsPowerShell\v1.0\;C:\WINDOWS\System32\OpenSSH\;C:\Program Files\PuTTY\;C:\Program Files\dotnet\;C:\Program Files\Java\jdk-20\bin;C:\Program Files\CodeBlocks\MinGW\bin;C:\gradle\gradle-8.10.1\bin;C:\Users\HP\.jdks\corretto-19.0.2\bin;C:\Program Files\nodejs\;C:\Users\HP\AppData\Local\Programs\Python\Python312;C:\Program Files\Git\cmd;C:\Program Files\Zulu\zulu-21\bin\;C:\Program Files\Common Files\Oracle\Java\javapath;C:\WINDOWS\system32;C:\WINDOWS;C:\WINDOWS\System32\Wbem;C:\WINDOWS\System32\WindowsPowerShell\v1.0\;C:\WINDOWS\System32\OpenSSH\;C:\Program Files\PuTTY\;C:\Program Files\dotnet\;C:\Program Files\Java\jdk-20\bin;C:\Program Files\CodeBlocks\MinGW\bin;C:\gradle\gradle-8.10.1\bin;C:\Users\HP\.jdks\corretto-19.0.2\bin;C:\Program Files\Git\cmd;C:\Program Files\nodejs\;C:\Users\HP\AppData\Local\Programs\Python\Python312;C:\Users\HP\AppData\Local\Programs\Python\Python312\Scripts\;C:\Users\HP\AppData\Local\Programs\Python\Python312\;C:\Users\HP\AppData\Local\Programs\Python\Launcher\;C:\Users\HP\AppData\Local\Microsoft\WindowsApps;C:\Users\HP\AppData\Local\Programs\Microsoft VS Code\bin;C:\Program Files\JetBrains\IntelliJ IDEA Community Edition 2024.2.1\bin;C:\Users\HP\.jdks\corretto-19.0.2\bin;C:\Users\HP\AppData\Roaming\npm;C:\flutter\bin;C:\Users\HP\AppData\Local\Android\Sdk;C:\Users\HP\AppData\Local\Android\Sdk\cmdline-tools\la;C:\Users\HP\AppData\Local\Pub\Cache\bin;C:\Users\HP\AppData\Local\GitHubDesktop\bin
USERNAME=HP
OS=Windows_NT
PROCESSOR_IDENTIFIER=Intel64 Family 6 Model 126 Stepping 5, GenuineIntel
TMP=C:\Users\HP\AppData\Local\Temp
TEMP=C:\Users\HP\AppData\Local\Temp




Periodic native trim disabled

---------------  S Y S T E M  ---------------

OS:
 Windows 11 , 64 bit Build 26100 (10.0.26100.3912)
OS uptime: 0 days 0:14 hours
Hyper-V role detected

CPU: total 8 (initial active 8) (4 cores per cpu, 2 threads per core) family 6 model 126 stepping 5 microcode 0xa0, cx8, cmov, fxsr, ht, mmx, 3dnowpref, sse, sse2, sse3, ssse3, sse4.1, sse4.2, popcnt, lzcnt, tsc, tscinvbit, avx, avx2, aes, erms, clmul, bmi1, bmi2, adx, avx512f, avx512dq, avx512cd, avx512bw, avx512vl, sha, fma, vzeroupper, avx512_vpopcntdq, avx512_vpclmulqdq, avx512_vaes, avx512_vnni, clflush, clflushopt, avx512_vbmi2, avx512_vbmi, hv, rdtscp, rdpid, fsrm, gfni, avx512_bitalg, f16c, avx512_ifma
Processor Information for the first 8 processors :
  Max Mhz: 1190, Current Mhz: 991, Mhz Limit: 987

Memory: 4k page, system-wide physical 3784M (1M free)
TotalPageFile size 12294M (AvailPageFile size 5M)
current process WorkingSet (physical memory assigned to process): 57M, peak: 478M
current process commit charge ("private bytes"): 678M, peak: 678M

vm_info: OpenJDK 64-Bit Server VM (21.0.7+6-LTS) for windows-amd64 JRE (21.0.7+6-LTS), built on 2025-04-15T00:00:00Z by "admin" with MS VC++ 17.7 (VS2022)

END.
